0 info it worked if it ends with ok
1 verbose cli [ 'C:\\nxp\\tools\\nodejs\\node.exe',
1 verbose cli   'C:\\nxp\\tools\\nodejs\\node_modules\\npm\\bin\\npm-cli.js',
1 verbose cli   'start' ]
2 info using npm@4.1.2
3 info using node@v7.6.0
4 verbose run-script [ 'prestart', 'start', 'poststart' ]
5 info lifecycle rest-api@0.0.1~prestart: rest-api@0.0.1
6 silly lifecycle rest-api@0.0.1~prestart: no script for prestart, continuing
7 info lifecycle rest-api@0.0.1~start: rest-api@0.0.1
8 verbose lifecycle rest-api@0.0.1~start: unsafe-perm in lifecycle true
9 verbose lifecycle rest-api@0.0.1~start: PATH: C:\nxp\tools\nodejs\node_modules\npm\bin\node-gyp-bin;C:\nxp\workspaces\socketio-examples\realtimeprivatechatting\Nodejs\node_modules\.bin;C:\ProgramData\Oracle\Java\javapath;C:\Windows\system32;C:\Windows;C:\Windows\System32\Wbem;C:\Windows\System32\WindowsPowerShell\v1.0\;C:\Program Files\TortoiseSVN\bin;C:\Program Files (x86)\Subversion\bin;C:\Program Files\Git\cmd;C:\Users\nxa30710\AppData\Local\Android\sdk\platform-tools;C:\Users\nxa30710\AppData\Local\Android\sdk\tools;C:\Program Files\Microsoft SQL Server\110\DTS\Binn\;C:\Program Files (x86)\Microsoft SQL Server\110\Tools\Binn\;C:\Program Files\Microsoft SQL Server\110\Tools\Binn\;C:\Program Files (x86)\Microsoft SQL Server\110\Tools\Binn\ManagementStudio\;C:\Program Files (x86)\Microsoft Visual Studio 10.0\Common7\IDE\PrivateAssemblies\;C:\Program Files (x86)\Microsoft SQL Server\110\DTS\Binn\;C:\OpenSSL-Win32\bin;C:\nxp\tools\nodejs\;C:\Program Files\Microsoft VS Code\bin;C:\Users\nxa30710\AppData\Roaming\npm;C:\adb;C:\ProgramData\Oracle\Java\javapath;C:\Windows\system32;C:\Windows;C:\Windows\System32\Wbem;C:\Windows\System32\WindowsPowerShell\v1.0\;C:\Program Files\TortoiseSVN\bin;C:\Program Files (x86)\Subversion\bin;C:\Program Files\Git\cmd;C:\Users\nxa30710\AppData\Local\Android\sdk\platform-tools;C:\Users\nxa30710\AppData\Local\Android\sdk\tools;C:\Program Files\Microsoft SQL Server\110\DTS\Binn\;C:\Program Files (x86)\Microsoft SQL Server\110\Tools\Binn\;C:\Program Files\Microsoft SQL Server\110\Tools\Binn\;C:\Program Files (x86)\Microsoft SQL Server\110\Tools\Binn\ManagementStudio\;C:\Program Files (x86)\Microsoft Visual Studio 10.0\Common7\IDE\PrivateAssemblies\;C:\Program Files (x86)\Microsoft SQL Server\110\DTS\Binn\;C:\OpenSSL-Win32\bin;C:\nxp\tools\nodejs\;C:\Program Files\Microsoft VS Code\bin;C:\Users\nxa30710\AppData\Roaming\npm;C:\adb;;C:\Users\nxa30710\adb
10 verbose lifecycle rest-api@0.0.1~start: CWD: C:\nxp\workspaces\socketio-examples\realtimeprivatechatting\Nodejs
11 silly lifecycle rest-api@0.0.1~start: Args: [ '/d /s /c', 'node server.js' ]
12 silly lifecycle rest-api@0.0.1~start: Returned: code: 1  signal: null
13 info lifecycle rest-api@0.0.1~start: Failed to exec start script
14 verbose stack Error: rest-api@0.0.1 start: `node server.js`
14 verbose stack Exit status 1
14 verbose stack     at EventEmitter.<anonymous> (C:\nxp\tools\nodejs\node_modules\npm\lib\utils\lifecycle.js:279:16)
14 verbose stack     at emitTwo (events.js:106:13)
14 verbose stack     at EventEmitter.emit (events.js:192:7)
14 verbose stack     at ChildProcess.<anonymous> (C:\nxp\tools\nodejs\node_modules\npm\lib\utils\spawn.js:40:14)
14 verbose stack     at emitTwo (events.js:106:13)
14 verbose stack     at ChildProcess.emit (events.js:192:7)
14 verbose stack     at maybeClose (internal/child_process.js:890:16)
14 verbose stack     at Process.ChildProcess._handle.onexit (internal/child_process.js:226:5)
15 verbose pkgid rest-api@0.0.1
16 verbose cwd C:\nxp\workspaces\socketio-examples\realtimeprivatechatting\Nodejs
17 error Windows_NT 6.1.7601
18 error argv "C:\\nxp\\tools\\nodejs\\node.exe" "C:\\nxp\\tools\\nodejs\\node_modules\\npm\\bin\\npm-cli.js" "start"
19 error node v7.6.0
20 error npm  v4.1.2
21 error code ELIFECYCLE
22 error rest-api@0.0.1 start: `node server.js`
22 error Exit status 1
23 error Failed at the rest-api@0.0.1 start script 'node server.js'.
23 error Make sure you have the latest version of node.js and npm installed.
23 error If you do, this is most likely a problem with the rest-api package,
23 error not with npm itself.
23 error Tell the author that this fails on your system:
23 error     node server.js
23 error You can get information on how to open an issue for this project with:
23 error     npm bugs rest-api
23 error Or if that isn't available, you can get their info via:
23 error     npm owner ls rest-api
23 error There is likely additional logging output above.
24 verbose exit [ 1, true ]
